Determining if the pthread_create exist failed with the following output:
Change Dir: /root/share/catkin_ws/build/CMakeFiles/CMakeTmp

Run Build Command:"/usr/bin/make" "cmTC_8c3fa/fast"
/usr/bin/make -f CMakeFiles/cmTC_8c3fa.dir/build.make CMakeFiles/cmTC_8c3fa.dir/build
make[1]: Entering directory '/root/share/catkin_ws/build/CMakeFiles/CMakeTmp'
Building C object CMakeFiles/cmTC_8c3fa.dir/CheckSymbolExists.c.o
/usr/bin/cc    -o CMakeFiles/cmTC_8c3fa.dir/CheckSymbolExists.c.o   -c /root/share/catkin_ws/build/CMakeFiles/CMakeTmp/CheckSymbolExists.c
Linking C executable cmTC_8c3fa
/usr/bin/cmake -E cmake_link_script CMakeFiles/cmTC_8c3fa.dir/link.txt --verbose=1
/usr/bin/cc      -rdynamic CMakeFiles/cmTC_8c3fa.dir/CheckSymbolExists.c.o  -o cmTC_8c3fa 
CMakeFiles/cmTC_8c3fa.dir/CheckSymbolExists.c.o: In function `main':
CheckSymbolExists.c:(.text+0x1b): undefined reference to `pthread_create'
collect2: error: ld returned 1 exit status
CMakeFiles/cmTC_8c3fa.dir/build.make:97: recipe for target 'cmTC_8c3fa' failed
make[1]: *** [cmTC_8c3fa] Error 1
make[1]: Leaving directory '/root/share/catkin_ws/build/CMakeFiles/CMakeTmp'
Makefile:126: recipe for target 'cmTC_8c3fa/fast' failed
make: *** [cmTC_8c3fa/fast] Error 2

File /root/share/catkin_ws/build/CMakeFiles/CMakeTmp/CheckSymbolExists.c:
/* */
#include <pthread.h>

int main(int argc, char** argv)
{
  (void)argv;
#ifndef pthread_create
  return ((int*)(&pthread_create))[argc];
#else
  (void)argc;
  return 0;
#endif
}

Determining if the function pthread_create exists in the pthreads failed with the following output:
Change Dir: /root/share/catkin_ws/build/CMakeFiles/CMakeTmp

Run Build Command:"/usr/bin/make" "cmTC_f853b/fast"
/usr/bin/make -f CMakeFiles/cmTC_f853b.dir/build.make CMakeFiles/cmTC_f853b.dir/build
make[1]: Entering directory '/root/share/catkin_ws/build/CMakeFiles/CMakeTmp'
Building C object CMakeFiles/cmTC_f853b.dir/CheckFunctionExists.c.o
/usr/bin/cc   -DCHECK_FUNCTION_EXISTS=pthread_create   -o CMakeFiles/cmTC_f853b.dir/CheckFunctionExists.c.o   -c /usr/share/cmake-3.10/Modules/CheckFunctionExists.c
Linking C executable cmTC_f853b
/usr/bin/cmake -E cmake_link_script CMakeFiles/cmTC_f853b.dir/link.txt --verbose=1
/usr/bin/cc  -DCHECK_FUNCTION_EXISTS=pthread_create    -rdynamic CMakeFiles/cmTC_f853b.dir/CheckFunctionExists.c.o  -o cmTC_f853b -lpthreads 
/usr/bin/ld: cannot find -lpthreads
collect2: error: ld returned 1 exit status
CMakeFiles/cmTC_f853b.dir/build.make:97: recipe for target 'cmTC_f853b' failed
make[1]: *** [cmTC_f853b] Error 1
make[1]: Leaving directory '/root/share/catkin_ws/build/CMakeFiles/CMakeTmp'
Makefile:126: recipe for target 'cmTC_f853b/fast' failed
make: *** [cmTC_f853b/fast] Error 2


