Determining if the pthread_create exist failed with the following output:
Change Dir: /root/share/catkin_ws/build/CMakeFiles/CMakeTmp

Run Build Command:"/usr/bin/make" "cmTC_fa387/fast"
/usr/bin/make -f CMakeFiles/cmTC_fa387.dir/build.make CMakeFiles/cmTC_fa387.dir/build
make[1]: Entering directory '/root/share/catkin_ws/build/CMakeFiles/CMakeTmp'
Building C object CMakeFiles/cmTC_fa387.dir/CheckSymbolExists.c.o
/usr/bin/cc    -o CMakeFiles/cmTC_fa387.dir/CheckSymbolExists.c.o   -c /root/share/catkin_ws/build/CMakeFiles/CMakeTmp/CheckSymbolExists.c
Linking C executable cmTC_fa387
/usr/bin/cmake -E cmake_link_script CMakeFiles/cmTC_fa387.dir/link.txt --verbose=1
/usr/bin/cc      -rdynamic CMakeFiles/cmTC_fa387.dir/CheckSymbolExists.c.o  -o cmTC_fa387 
CMakeFiles/cmTC_fa387.dir/CheckSymbolExists.c.o: In function `main':
CheckSymbolExists.c:(.text+0x1b): undefined reference to `pthread_create'
collect2: error: ld returned 1 exit status
CMakeFiles/cmTC_fa387.dir/build.make:97: recipe for target 'cmTC_fa387' failed
make[1]: *** [cmTC_fa387] Error 1
make[1]: Leaving directory '/root/share/catkin_ws/build/CMakeFiles/CMakeTmp'
Makefile:126: recipe for target 'cmTC_fa387/fast' failed
make: *** [cmTC_fa387/fast] Error 2

File /root/share/catkin_ws/build/CMakeFiles/CMakeTmp/CheckSymbolExists.c:
/* */
#include <pthread.h>

int main(int argc, char** argv)
{
  (void)argv;
#ifndef pthread_create
  return ((int*)(&pthread_create))[argc];
#else
  (void)argc;
  return 0;
#endif
}

Determining if the function pthread_create exists in the pthreads failed with the following output:
Change Dir: /root/share/catkin_ws/build/CMakeFiles/CMakeTmp

Run Build Command:"/usr/bin/make" "cmTC_466af/fast"
/usr/bin/make -f CMakeFiles/cmTC_466af.dir/build.make CMakeFiles/cmTC_466af.dir/build
make[1]: Entering directory '/root/share/catkin_ws/build/CMakeFiles/CMakeTmp'
Building C object CMakeFiles/cmTC_466af.dir/CheckFunctionExists.c.o
/usr/bin/cc   -DCHECK_FUNCTION_EXISTS=pthread_create   -o CMakeFiles/cmTC_466af.dir/CheckFunctionExists.c.o   -c /usr/share/cmake-3.10/Modules/CheckFunctionExists.c
Linking C executable cmTC_466af
/usr/bin/cmake -E cmake_link_script CMakeFiles/cmTC_466af.dir/link.txt --verbose=1
/usr/bin/cc  -DCHECK_FUNCTION_EXISTS=pthread_create    -rdynamic CMakeFiles/cmTC_466af.dir/CheckFunctionExists.c.o  -o cmTC_466af -lpthreads 
/usr/bin/ld: cannot find -lpthreads
collect2: error: ld returned 1 exit status
CMakeFiles/cmTC_466af.dir/build.make:97: recipe for target 'cmTC_466af' failed
make[1]: *** [cmTC_466af] Error 1
make[1]: Leaving directory '/root/share/catkin_ws/build/CMakeFiles/CMakeTmp'
Makefile:126: recipe for target 'cmTC_466af/fast' failed
make: *** [cmTC_466af/fast] Error 2


