Performing C SOURCE FILE Test CMAKE_HAVE_LIBC_PTHREAD failed with the following output:
Change Dir: /root/share/catkin_ws/build/CMakeFiles/CMakeTmp

Run Build Command(s):/usr/bin/make cmTC_e3629/fast && /usr/bin/make -f CMakeFiles/cmTC_e3629.dir/build.make CMakeFiles/cmTC_e3629.dir/build
make[1]: Entering directory '/root/share/catkin_ws/build/CMakeFiles/CMakeTmp'
Building C object CMakeFiles/cmTC_e3629.dir/src.c.o
/usr/bin/cc   -DCMAKE_HAVE_LIBC_PTHREAD   -o CMakeFiles/cmTC_e3629.dir/src.c.o   -c /root/share/catkin_ws/build/CMakeFiles/CMakeTmp/src.c
Linking C executable cmTC_e3629
/usr/bin/cmake -E cmake_link_script CMakeFiles/cmTC_e3629.dir/link.txt --verbose=1
/usr/bin/cc  -DCMAKE_HAVE_LIBC_PTHREAD    -rdynamic CMakeFiles/cmTC_e3629.dir/src.c.o  -o cmTC_e3629 
/usr/bin/ld: CMakeFiles/cmTC_e3629.dir/src.c.o: in function `main':
src.c:(.text+0x46): undefined reference to `pthread_create'
/usr/bin/ld: src.c:(.text+0x52): undefined reference to `pthread_detach'
/usr/bin/ld: src.c:(.text+0x63): undefined reference to `pthread_join'
collect2: error: ld returned 1 exit status
make[1]: *** [CMakeFiles/cmTC_e3629.dir/build.make:87: cmTC_e3629] Error 1
make[1]: Leaving directory '/root/share/catkin_ws/build/CMakeFiles/CMakeTmp'
make: *** [Makefile:121: cmTC_e3629/fast] Error 2


Source file was:
#include <pthread.h>

void* test_func(void* data)
{
  return data;
}

int main(void)
{
  pthread_t thread;
  pthread_create(&thread, NULL, test_func, NULL);
  pthread_detach(thread);
  pthread_join(thread, NULL);
  pthread_atfork(NULL, NULL, NULL);
  pthread_exit(NULL);

  return 0;
}

Determining if the function pthread_create exists in the pthreads failed with the following output:
Change Dir: /root/share/catkin_ws/build/CMakeFiles/CMakeTmp

Run Build Command(s):/usr/bin/make cmTC_3b193/fast && /usr/bin/make -f CMakeFiles/cmTC_3b193.dir/build.make CMakeFiles/cmTC_3b193.dir/build
make[1]: Entering directory '/root/share/catkin_ws/build/CMakeFiles/CMakeTmp'
Building C object CMakeFiles/cmTC_3b193.dir/CheckFunctionExists.c.o
/usr/bin/cc   -DCHECK_FUNCTION_EXISTS=pthread_create   -o CMakeFiles/cmTC_3b193.dir/CheckFunctionExists.c.o   -c /usr/share/cmake-3.16/Modules/CheckFunctionExists.c
Linking C executable cmTC_3b193
/usr/bin/cmake -E cmake_link_script CMakeFiles/cmTC_3b193.dir/link.txt --verbose=1
/usr/bin/cc  -DCHECK_FUNCTION_EXISTS=pthread_create    -rdynamic CMakeFiles/cmTC_3b193.dir/CheckFunctionExists.c.o  -o cmTC_3b193  -lpthreads 
/usr/bin/ld: cannot find -lpthreads
collect2: error: ld returned 1 exit status
make[1]: *** [CMakeFiles/cmTC_3b193.dir/build.make:87: cmTC_3b193] Error 1
make[1]: Leaving directory '/root/share/catkin_ws/build/CMakeFiles/CMakeTmp'
make: *** [Makefile:121: cmTC_3b193/fast] Error 2



Determining if the CL_VERSION_2_0 exist failed with the following output:
Change Dir: /root/share/catkin_ws/build/CMakeFiles/CMakeTmp

Run Build Command(s):/usr/bin/make cmTC_4672c/fast && /usr/bin/make -f CMakeFiles/cmTC_4672c.dir/build.make CMakeFiles/cmTC_4672c.dir/build
make[1]: Entering directory '/root/share/catkin_ws/build/CMakeFiles/CMakeTmp'
Building C object CMakeFiles/cmTC_4672c.dir/CheckSymbolExists.c.o
/usr/bin/cc    -o CMakeFiles/cmTC_4672c.dir/CheckSymbolExists.c.o   -c /root/share/catkin_ws/build/CMakeFiles/CMakeTmp/CheckSymbolExists.c
/root/share/catkin_ws/build/CMakeFiles/CMakeTmp/CheckSymbolExists.c:2:10: fatal error: OpenCL_INCLUDE_DIR-NOTFOUND/CL/cl.h: No such file or directory
    2 | #include <OpenCL_INCLUDE_DIR-NOTFOUND/CL/cl.h>
      |          ^~~~~~~~~~~~~~~~~~~~~~~~~~~~~~~~~~~~~
compilation terminated.
make[1]: *** [CMakeFiles/cmTC_4672c.dir/build.make:66: CMakeFiles/cmTC_4672c.dir/CheckSymbolExists.c.o] Error 1
make[1]: Leaving directory '/root/share/catkin_ws/build/CMakeFiles/CMakeTmp'
make: *** [Makefile:121: cmTC_4672c/fast] Error 2


File /root/share/catkin_ws/build/CMakeFiles/CMakeTmp/CheckSymbolExists.c:
/* */
#include <OpenCL_INCLUDE_DIR-NOTFOUND/CL/cl.h>

int main(int argc, char** argv)
{
  (void)argv;
#ifndef CL_VERSION_2_0
  return ((int*)(&CL_VERSION_2_0))[argc];
#else
  (void)argc;
  return 0;
#endif
}
Determining if the CL_VERSION_1_2 exist failed with the following output:
Change Dir: /root/share/catkin_ws/build/CMakeFiles/CMakeTmp

Run Build Command(s):/usr/bin/make cmTC_2f0fc/fast && /usr/bin/make -f CMakeFiles/cmTC_2f0fc.dir/build.make CMakeFiles/cmTC_2f0fc.dir/build
make[1]: Entering directory '/root/share/catkin_ws/build/CMakeFiles/CMakeTmp'
Building C object CMakeFiles/cmTC_2f0fc.dir/CheckSymbolExists.c.o
/usr/bin/cc    -o CMakeFiles/cmTC_2f0fc.dir/CheckSymbolExists.c.o   -c /root/share/catkin_ws/build/CMakeFiles/CMakeTmp/CheckSymbolExists.c
/root/share/catkin_ws/build/CMakeFiles/CMakeTmp/CheckSymbolExists.c:2:10: fatal error: OpenCL_INCLUDE_DIR-NOTFOUND/CL/cl.h: No such file or directory
    2 | #include <OpenCL_INCLUDE_DIR-NOTFOUND/CL/cl.h>
      |          ^~~~~~~~~~~~~~~~~~~~~~~~~~~~~~~~~~~~~
compilation terminated.
make[1]: *** [CMakeFiles/cmTC_2f0fc.dir/build.make:66: CMakeFiles/cmTC_2f0fc.dir/CheckSymbolExists.c.o] Error 1
make[1]: Leaving directory '/root/share/catkin_ws/build/CMakeFiles/CMakeTmp'
make: *** [Makefile:121: cmTC_2f0fc/fast] Error 2


File /root/share/catkin_ws/build/CMakeFiles/CMakeTmp/CheckSymbolExists.c:
/* */
#include <OpenCL_INCLUDE_DIR-NOTFOUND/CL/cl.h>

int main(int argc, char** argv)
{
  (void)argv;
#ifndef CL_VERSION_1_2
  return ((int*)(&CL_VERSION_1_2))[argc];
#else
  (void)argc;
  return 0;
#endif
}
Determining if the CL_VERSION_1_1 exist failed with the following output:
Change Dir: /root/share/catkin_ws/build/CMakeFiles/CMakeTmp

Run Build Command(s):/usr/bin/make cmTC_82625/fast && /usr/bin/make -f CMakeFiles/cmTC_82625.dir/build.make CMakeFiles/cmTC_82625.dir/build
make[1]: Entering directory '/root/share/catkin_ws/build/CMakeFiles/CMakeTmp'
Building C object CMakeFiles/cmTC_82625.dir/CheckSymbolExists.c.o
/usr/bin/cc    -o CMakeFiles/cmTC_82625.dir/CheckSymbolExists.c.o   -c /root/share/catkin_ws/build/CMakeFiles/CMakeTmp/CheckSymbolExists.c
/root/share/catkin_ws/build/CMakeFiles/CMakeTmp/CheckSymbolExists.c:2:10: fatal error: OpenCL_INCLUDE_DIR-NOTFOUND/CL/cl.h: No such file or directory
    2 | #include <OpenCL_INCLUDE_DIR-NOTFOUND/CL/cl.h>
      |          ^~~~~~~~~~~~~~~~~~~~~~~~~~~~~~~~~~~~~
compilation terminated.
make[1]: *** [CMakeFiles/cmTC_82625.dir/build.make:66: CMakeFiles/cmTC_82625.dir/CheckSymbolExists.c.o] Error 1
make[1]: Leaving directory '/root/share/catkin_ws/build/CMakeFiles/CMakeTmp'
make: *** [Makefile:121: cmTC_82625/fast] Error 2


File /root/share/catkin_ws/build/CMakeFiles/CMakeTmp/CheckSymbolExists.c:
/* */
#include <OpenCL_INCLUDE_DIR-NOTFOUND/CL/cl.h>

int main(int argc, char** argv)
{
  (void)argv;
#ifndef CL_VERSION_1_1
  return ((int*)(&CL_VERSION_1_1))[argc];
#else
  (void)argc;
  return 0;
#endif
}
Determining if the CL_VERSION_1_0 exist failed with the following output:
Change Dir: /root/share/catkin_ws/build/CMakeFiles/CMakeTmp

Run Build Command(s):/usr/bin/make cmTC_3e64c/fast && /usr/bin/make -f CMakeFiles/cmTC_3e64c.dir/build.make CMakeFiles/cmTC_3e64c.dir/build
make[1]: Entering directory '/root/share/catkin_ws/build/CMakeFiles/CMakeTmp'
Building C object CMakeFiles/cmTC_3e64c.dir/CheckSymbolExists.c.o
/usr/bin/cc    -o CMakeFiles/cmTC_3e64c.dir/CheckSymbolExists.c.o   -c /root/share/catkin_ws/build/CMakeFiles/CMakeTmp/CheckSymbolExists.c
/root/share/catkin_ws/build/CMakeFiles/CMakeTmp/CheckSymbolExists.c:2:10: fatal error: OpenCL_INCLUDE_DIR-NOTFOUND/CL/cl.h: No such file or directory
    2 | #include <OpenCL_INCLUDE_DIR-NOTFOUND/CL/cl.h>
      |          ^~~~~~~~~~~~~~~~~~~~~~~~~~~~~~~~~~~~~
compilation terminated.
make[1]: *** [CMakeFiles/cmTC_3e64c.dir/build.make:66: CMakeFiles/cmTC_3e64c.dir/CheckSymbolExists.c.o] Error 1
make[1]: Leaving directory '/root/share/catkin_ws/build/CMakeFiles/CMakeTmp'
make: *** [Makefile:121: cmTC_3e64c/fast] Error 2


File /root/share/catkin_ws/build/CMakeFiles/CMakeTmp/CheckSymbolExists.c:
/* */
#include <OpenCL_INCLUDE_DIR-NOTFOUND/CL/cl.h>

int main(int argc, char** argv)
{
  (void)argv;
#ifndef CL_VERSION_1_0
  return ((int*)(&CL_VERSION_1_0))[argc];
#else
  (void)argc;
  return 0;
#endif
}
